2025-06-17 22:32:34 [main] INFO  com.cdl.kata.KataApplication - Starting KataApplication using Java 21.0.7 with PID 84190 (/Users/taiwofamurewa/Documents/workspace/kata/backend/target/classes started by taiwofamurewa in /Users/taiwofamurewa/Documents/workspace/kata/backend)
2025-06-17 22:32:34 [main] DEBUG com.cdl.kata.KataApplication - Running with Spring Boot v3.5.0, Spring v6.2.7
2025-06-17 22:32:34 [main] INFO  com.cdl.kata.KataApplication - No active profile set, falling back to 1 default profile: "default"
2025-06-17 22:32:35 [main] INFO  o.s.b.w.e.tomcat.TomcatWebServer - Tomcat initialized with port 8080 (http)
2025-06-17 22:32:35 [main] INFO  o.a.catalina.core.StandardService - Starting service [Tomcat]
2025-06-17 22:32:35 [main] INFO  o.a.catalina.core.StandardEngine - Starting Servlet engine: [Apache Tomcat/10.1.41]
2025-06-17 22:32:35 [main] INFO  o.a.c.c.C.[Tomcat].[localhost].[/] - Initializing Spring embedded WebApplicationContext
2025-06-17 22:32:35 [main] INFO  o.s.b.w.s.c.ServletWebServerApplicationContext - Root WebApplicationContext: initialization completed in 894 ms
2025-06-17 22:32:35 [main] DEBUG o.s.w.f.CommonsRequestLoggingFilter - Filter 'requestLoggingFilter' configured for use
2025-06-17 22:32:36 [main] INFO  o.s.b.w.e.tomcat.TomcatWebServer - Tomcat started on port 8080 (http) with context path '/'
2025-06-17 22:32:36 [main] INFO  com.cdl.kata.KataApplication - Started KataApplication in 1.853 seconds (process running for 2.196)
2025-06-17 22:32:40 [http-nio-8080-exec-1] INFO  o.a.c.c.C.[Tomcat].[localhost].[/] - Initializing Spring DispatcherServlet 'dispatcherServlet'
2025-06-17 22:32:40 [http-nio-8080-exec-1] INFO  o.s.web.servlet.DispatcherServlet - Initializing Servlet 'dispatcherServlet'
2025-06-17 22:32:40 [http-nio-8080-exec-1] INFO  o.s.web.servlet.DispatcherServlet - Completed initialization in 1 ms
2025-06-17 22:32:40 [http-nio-8080-exec-1] DEBUG o.s.w.f.CommonsRequestLoggingFilter - Before request [POST /api/checkout, headers=[user-agent:"PostmanRuntime/7.43.4", accept:"*/*", postman-token:"5d23fa71-b3c6-425f-9f3d-dfd49be30660", host:"localhost:8080", accept-encoding:"gzip, deflate, br", connection:"keep-alive", content-length:"1258", Content-Type:"application/json;charset=UTF-8"]]
2025-06-17 22:32:40 [http-nio-8080-exec-1] INFO  c.c.k.controllers.CheckoutController - Received checkout request: CheckoutRequestDto{items=[A, B, C, A, D, A], pricingRules=[com.cdl.kata.dto.PricingRuleDto@5192e822, com.cdl.kata.dto.PricingRuleDto@52cb11c0, com.cdl.kata.dto.PricingRuleDto@580a52c3, com.cdl.kata.dto.PricingRuleDto@14acd8e0]}
2025-06-17 22:32:40 [http-nio-8080-exec-1] DEBUG c.c.k.controllers.CheckoutController - Items: [A, B, C, A, D, A], Pricing Rules: [com.cdl.kata.dto.PricingRuleDto@5192e822, com.cdl.kata.dto.PricingRuleDto@52cb11c0, com.cdl.kata.dto.PricingRuleDto@580a52c3, com.cdl.kata.dto.PricingRuleDto@14acd8e0]
2025-06-17 22:32:40 [http-nio-8080-exec-1] INFO  c.c.k.controllers.CheckoutController - Checkout response: com.cdl.kata.dto.CheckoutResponseDto@50c5de5c
2025-06-17 22:32:40 [http-nio-8080-exec-1] DEBUG o.s.w.f.CommonsRequestLoggingFilter - REQUEST DATA: POST /api/checkout, headers=[user-agent:"PostmanRuntime/7.43.4", accept:"*/*", postman-token:"5d23fa71-b3c6-425f-9f3d-dfd49be30660", host:"localhost:8080", accept-encoding:"gzip, deflate, br", connection:"keep-alive", content-length:"1258", Content-Type:"application/json;charset=UTF-8"], payload={
    "items": ["A", "B", "C", "A", "D", "A"],
    "pricingRules": [
        {
            "sku": "A",
            "unitPrice": 50,
            "quantity": 5,
            "unit": "pence",
            "discount": {
                "quantity": 3,
                "price": 150,
                "validFrom": "2025-05-01",
                "validTo": "2027-12-31",
                "type": "GROUP_DISCOUNT",
                "description": "2 for 45",
                "isActive": true
            }
        },
        {
            "sku": "B",
            "unitPrice": 30,
            "quantity": 2,
            "unit": "pence",
            "discount": {
                "quantity": 2,
                "price": 45,
                "validFrom": "2025-01-01",
                "validTo": "2026-12-31",
                "type": "GROUP_DISCOUNT",
                "description": "2 for 45",
                "isActive": true
            }
        },
        {
            "sku": "C",
            "unitPrice": 20,
            "quantity": 1,
            "unit": "pence",
            "discount": null
        },
        {
            "sku": "D",
            "unitPrice": 15,
            "quantity": 1,
            "unit": "pence",
            "discount": null
        }
    ]
}]
2025-06-17 22:33:10 [http-nio-8080-exec-3] DEBUG o.s.w.f.CommonsRequestLoggingFilter - Before request [POST /api/checkout, headers=[user-agent:"PostmanRuntime/7.43.4", accept:"*/*", postman-token:"da36fd12-1589-4107-9f01-e5268e31a920", host:"localhost:8080", accept-encoding:"gzip, deflate, br", connection:"keep-alive", content-length:"1260", Content-Type:"application/json;charset=UTF-8"]]
2025-06-17 22:33:10 [http-nio-8080-exec-3] INFO  c.c.k.controllers.CheckoutController - Received checkout request: CheckoutRequestDto{items=[A, B, C, A, D, A], pricingRules=null}
2025-06-17 22:33:10 [http-nio-8080-exec-3] DEBUG c.c.k.controllers.CheckoutController - Items: [A, B, C, A, D, A], Pricing Rules: null
2025-06-17 22:33:10 [http-nio-8080-exec-3] INFO  c.c.k.controllers.CheckoutController - Checkout response: com.cdl.kata.dto.CheckoutResponseDto@55eeb986
2025-06-17 22:33:10 [http-nio-8080-exec-3] DEBUG o.s.w.f.CommonsRequestLoggingFilter - REQUEST DATA: POST /api/checkout, headers=[user-agent:"PostmanRuntime/7.43.4", accept:"*/*", postman-token:"da36fd12-1589-4107-9f01-e5268e31a920", host:"localhost:8080", accept-encoding:"gzip, deflate, br", connection:"keep-alive", content-length:"1260", Content-Type:"application/json;charset=UTF-8"], payload={
    "items": ["A", "B", "C", "A", "D", "A"],
    "pricingRuleggs": [
        {
            "sku": "A",
            "unitPrice": 50,
            "quantity": 5,
            "unit": "pence",
            "discount": {
                "quantity": 3,
                "price": 150,
                "validFrom": "2025-05-01",
                "validTo": "2027-12-31",
                "type": "GROUP_DISCOUNT",
                "description": "2 for 45",
                "isActive": true
            }
        },
        {
            "sku": "B",
            "unitPrice": 30,
            "quantity": 2,
            "unit": "pence",
            "discount": {
                "quantity": 2,
                "price": 45,
                "validFrom": "2025-01-01",
                "validTo": "2026-12-31",
                "type": "GROUP_DISCOUNT",
                "description": "2 for 45",
                "isActive": true
            }
        },
        {
            "sku": "C",
            "unitPrice": 20,
            "quantity": 1,
            "unit": "pence",
            "discount": null
        },
        {
            "sku": "D",
            "unitPrice": 15,
            "quantity": 1,
            "unit": "pence",
            "discount": null
        }
    ]
}]
2025-06-17 22:33:46 [SpringApplicationShutdownHook] INFO  o.s.b.w.e.tomcat.GracefulShutdown - Commencing graceful shutdown. Waiting for active requests to complete
2025-06-17 22:33:46 [tomcat-shutdown] INFO  o.s.b.w.e.tomcat.GracefulShutdown - Graceful shutdown complete
2025-06-17 22:33:54 [main] INFO  com.cdl.kata.KataApplication - Starting KataApplication using Java 21.0.7 with PID 85539 (/Users/taiwofamurewa/Documents/workspace/kata/backend/target/classes started by taiwofamurewa in /Users/taiwofamurewa/Documents/workspace/kata/backend)
2025-06-17 22:33:54 [main] DEBUG com.cdl.kata.KataApplication - Running with Spring Boot v3.5.0, Spring v6.2.7
2025-06-17 22:33:54 [main] INFO  com.cdl.kata.KataApplication - No active profile set, falling back to 1 default profile: "default"
2025-06-17 22:33:54 [main] INFO  o.s.b.w.e.tomcat.TomcatWebServer - Tomcat initialized with port 8080 (http)
2025-06-17 22:33:54 [main] INFO  o.a.catalina.core.StandardService - Starting service [Tomcat]
2025-06-17 22:33:54 [main] INFO  o.a.catalina.core.StandardEngine - Starting Servlet engine: [Apache Tomcat/10.1.41]
2025-06-17 22:33:54 [main] INFO  o.a.c.c.C.[Tomcat].[localhost].[/] - Initializing Spring embedded WebApplicationContext
2025-06-17 22:33:54 [main] INFO  o.s.b.w.s.c.ServletWebServerApplicationContext - Root WebApplicationContext: initialization completed in 591 ms
2025-06-17 22:33:54 [main] DEBUG o.s.w.f.CommonsRequestLoggingFilter - Filter 'requestLoggingFilter' configured for use
2025-06-17 22:33:54 [main] INFO  o.s.b.w.e.tomcat.TomcatWebServer - Tomcat started on port 8080 (http) with context path '/'
2025-06-17 22:33:54 [main] INFO  com.cdl.kata.KataApplication - Started KataApplication in 1.359 seconds (process running for 1.564)
2025-06-17 22:33:59 [http-nio-8080-exec-1] INFO  o.a.c.c.C.[Tomcat].[localhost].[/] - Initializing Spring DispatcherServlet 'dispatcherServlet'
2025-06-17 22:33:59 [http-nio-8080-exec-1] INFO  o.s.web.servlet.DispatcherServlet - Initializing Servlet 'dispatcherServlet'
2025-06-17 22:33:59 [http-nio-8080-exec-1] INFO  o.s.web.servlet.DispatcherServlet - Completed initialization in 1 ms
2025-06-17 22:33:59 [http-nio-8080-exec-1] DEBUG o.s.w.f.CommonsRequestLoggingFilter - Before request [POST /api/checkout, headers=[user-agent:"PostmanRuntime/7.43.4", accept:"*/*", postman-token:"0d53602f-d401-4f47-9a76-e00b26851a9b", host:"localhost:8080", accept-encoding:"gzip, deflate, br", connection:"keep-alive", content-length:"1258", Content-Type:"application/json;charset=UTF-8"]]
2025-06-17 22:33:59 [http-nio-8080-exec-1] INFO  c.c.k.controllers.CheckoutController - Received checkout request: CheckoutRequestDto{items=[A, B, C, A, D, A], pricingRules=[com.cdl.kata.dto.PricingRuleDto@1fb2ba93, com.cdl.kata.dto.PricingRuleDto@6b0fe4f, com.cdl.kata.dto.PricingRuleDto@384e172e, com.cdl.kata.dto.PricingRuleDto@285ef82a]}
2025-06-17 22:33:59 [http-nio-8080-exec-1] DEBUG c.c.k.controllers.CheckoutController - Items: [A, B, C, A, D, A], Pricing Rules: [com.cdl.kata.dto.PricingRuleDto@1fb2ba93, com.cdl.kata.dto.PricingRuleDto@6b0fe4f, com.cdl.kata.dto.PricingRuleDto@384e172e, com.cdl.kata.dto.PricingRuleDto@285ef82a]
2025-06-17 22:33:59 [http-nio-8080-exec-1] INFO  c.c.k.controllers.CheckoutController - Checkout response: com.cdl.kata.dto.CheckoutResponseDto@7722bdc0
2025-06-17 22:34:00 [http-nio-8080-exec-1] DEBUG o.s.w.f.CommonsRequestLoggingFilter - REQUEST DATA: POST /api/checkout, headers=[user-agent:"PostmanRuntime/7.43.4", accept:"*/*", postman-token:"0d53602f-d401-4f47-9a76-e00b26851a9b", host:"localhost:8080", accept-encoding:"gzip, deflate, br", connection:"keep-alive", content-length:"1258", Content-Type:"application/json;charset=UTF-8"], payload={
    "items": ["A", "B", "C", "A", "D", "A"],
    "pricingRules": [
        {
            "sku": "A",
            "unitPrice": 50,
            "quantity": 5,
            "unit": "pence",
            "discount": {
                "quantity": 3,
                "price": 150,
                "validFrom": "2025-05-01",
                "validTo": "2027-12-31",
                "type": "GROUP_DISCOUNT",
                "description": "2 for 45",
                "isActive": true
            }
        },
        {
            "sku": "B",
            "unitPrice": 30,
            "quantity": 2,
            "unit": "pence",
            "discount": {
                "quantity": 2,
                "price": 45,
                "validFrom": "2025-01-01",
                "validTo": "2026-12-31",
                "type": "GROUP_DISCOUNT",
                "description": "2 for 45",
                "isActive": true
            }
        },
        {
            "sku": "C",
            "unitPrice": 20,
            "quantity": 1,
            "unit": "pence",
            "discount": null
        },
        {
            "sku": "D",
            "unitPrice": 15,
            "quantity": 1,
            "unit": "pence",
            "discount": null
        }
    ]
}]
2025-06-17 22:59:10 [http-nio-8080-exec-5] DEBUG o.s.w.f.CommonsRequestLoggingFilter - Before request [POST /api/checkout, headers=[user-agent:"PostmanRuntime/7.43.4", accept:"*/*", postman-token:"3e786dbd-8eb5-4b64-a533-321f1c6efa4a", host:"localhost:8080", accept-encoding:"gzip, deflate, br", connection:"keep-alive", content-length:"1258", Content-Type:"application/json;charset=UTF-8"]]
2025-06-17 22:59:10 [http-nio-8080-exec-5] INFO  c.c.k.controllers.CheckoutController - Received checkout request: CheckoutRequestDto{items=[A, B, C, A, D, A], pricingRules=[com.cdl.kata.dto.PricingRuleDto@5678e339, com.cdl.kata.dto.PricingRuleDto@58bf0786, com.cdl.kata.dto.PricingRuleDto@5c808849, com.cdl.kata.dto.PricingRuleDto@19820dbd]}
2025-06-17 22:59:10 [http-nio-8080-exec-5] DEBUG c.c.k.controllers.CheckoutController - Items: [A, B, C, A, D, A], Pricing Rules: [com.cdl.kata.dto.PricingRuleDto@5678e339, com.cdl.kata.dto.PricingRuleDto@58bf0786, com.cdl.kata.dto.PricingRuleDto@5c808849, com.cdl.kata.dto.PricingRuleDto@19820dbd]
2025-06-17 22:59:10 [http-nio-8080-exec-5] INFO  c.c.k.controllers.CheckoutController - Checkout response: com.cdl.kata.dto.CheckoutResponseDto@8f2449f
2025-06-17 22:59:10 [http-nio-8080-exec-5] DEBUG o.s.w.f.CommonsRequestLoggingFilter - REQUEST DATA: POST /api/checkout, headers=[user-agent:"PostmanRuntime/7.43.4", accept:"*/*", postman-token:"3e786dbd-8eb5-4b64-a533-321f1c6efa4a", host:"localhost:8080", accept-encoding:"gzip, deflate, br", connection:"keep-alive", content-length:"1258", Content-Type:"application/json;charset=UTF-8"], payload={
    "items": ["A", "B", "C", "A", "D", "A"],
    "pricingRules": [
        {
            "sku": "A",
            "unitPrice": 50,
            "quantity": 5,
            "unit": "pence",
            "discount": {
                "quantity": 3,
                "price": 150,
                "validFrom": "2025-05-01",
                "validTo": "2027-12-31",
                "type": "GROUP_DISCOUNT",
                "description": "2 for 45",
                "isActive": true
            }
        },
        {
            "sku": "B",
            "unitPrice": 30,
            "quantity": 2,
            "unit": "pence",
            "discount": {
                "quantity": 2,
                "price": 45,
                "validFrom": "2025-01-01",
                "validTo": "2026-12-31",
                "type": "GROUP_DISCOUNT",
                "description": "2 for 45",
                "isActive": true
            }
        },
        {
            "sku": "C",
            "unitPrice": 20,
            "quantity": 1,
            "unit": "pence",
            "discount": null
        },
        {
            "sku": "D",
            "unitPrice": 15,
            "quantity": 1,
            "unit": "pence",
            "discount": null
        }
    ]
}]
2025-06-17 22:59:17 [SpringApplicationShutdownHook] INFO  o.s.b.w.e.tomcat.GracefulShutdown - Commencing graceful shutdown. Waiting for active requests to complete
2025-06-17 22:59:17 [tomcat-shutdown] INFO  o.s.b.w.e.tomcat.GracefulShutdown - Graceful shutdown complete
2025-06-17 22:59:25 [main] INFO  com.cdl.kata.KataApplication - Starting KataApplication using Java 21.0.7 with PID 8282 (/Users/taiwofamurewa/Documents/workspace/kata/backend/target/classes started by taiwofamurewa in /Users/taiwofamurewa/Documents/workspace/kata/backend)
2025-06-17 22:59:25 [main] DEBUG com.cdl.kata.KataApplication - Running with Spring Boot v3.5.0, Spring v6.2.7
2025-06-17 22:59:25 [main] INFO  com.cdl.kata.KataApplication - No active profile set, falling back to 1 default profile: "default"
2025-06-17 22:59:26 [main] INFO  o.s.b.w.e.tomcat.TomcatWebServer - Tomcat initialized with port 8080 (http)
2025-06-17 22:59:26 [main] INFO  o.a.catalina.core.StandardService - Starting service [Tomcat]
2025-06-17 22:59:26 [main] INFO  o.a.catalina.core.StandardEngine - Starting Servlet engine: [Apache Tomcat/10.1.41]
2025-06-17 22:59:26 [main] INFO  o.a.c.c.C.[Tomcat].[localhost].[/] - Initializing Spring embedded WebApplicationContext
2025-06-17 22:59:26 [main] INFO  o.s.b.w.s.c.ServletWebServerApplicationContext - Root WebApplicationContext: initialization completed in 882 ms
2025-06-17 22:59:26 [main] DEBUG o.s.w.f.CommonsRequestLoggingFilter - Filter 'requestLoggingFilter' configured for use
2025-06-17 22:59:26 [main] INFO  o.s.b.w.e.tomcat.TomcatWebServer - Tomcat started on port 8080 (http) with context path '/'
2025-06-17 22:59:26 [main] INFO  com.cdl.kata.KataApplication - Started KataApplication in 1.734 seconds (process running for 1.97)
2025-06-17 22:59:30 [http-nio-8080-exec-2] INFO  o.a.c.c.C.[Tomcat].[localhost].[/] - Initializing Spring DispatcherServlet 'dispatcherServlet'
2025-06-17 22:59:30 [http-nio-8080-exec-2] INFO  o.s.web.servlet.DispatcherServlet - Initializing Servlet 'dispatcherServlet'
2025-06-17 22:59:30 [http-nio-8080-exec-2] INFO  o.s.web.servlet.DispatcherServlet - Completed initialization in 0 ms
2025-06-17 22:59:30 [http-nio-8080-exec-2] DEBUG o.s.w.f.CommonsRequestLoggingFilter - Before request [POST /api/checkout, headers=[user-agent:"PostmanRuntime/7.43.4", accept:"*/*", postman-token:"5cd3822a-174b-4c93-b07a-c573869f2f3e", host:"localhost:8080", accept-encoding:"gzip, deflate, br", connection:"keep-alive", content-length:"1258", Content-Type:"application/json;charset=UTF-8"]]
2025-06-17 22:59:30 [http-nio-8080-exec-2] DEBUG o.s.w.f.CommonsRequestLoggingFilter - REQUEST DATA: POST /api/checkout, headers=[user-agent:"PostmanRuntime/7.43.4", accept:"*/*", postman-token:"5cd3822a-174b-4c93-b07a-c573869f2f3e", host:"localhost:8080", accept-encoding:"gzip, deflate, br", connection:"keep-alive", content-length:"1258", Content-Type:"application/json;charset=UTF-8"], payload={
    "items": ["A", "B", "C", "A", "D", "A"],
    "pricingRules": [
        {
            "sku": "A",
            "unitPrice": 50,
            "quantity": 5,
            "unit": "pence",
            "discount": {
                "quantity": 3,
                "price": 150,
                "validFrom": "2025-05-01",
                "validTo": "2027-12-31",
                "type": "GROUP_DISCOUNT",
                "description": "2 for 45",
                "isActive": true
            }
        },
        {
            "sku": "B",
            "unitPrice": 30,
            "quantity": 2,
            "unit": "pence",
            "discount": {
                "quantity": 2,
                "price": 45,
                "validFrom": "2025-01-01",
                "validTo": "2026-12-31",
                "type": "GROUP_DISCOUNT",
                "description": "2 for 45",
                "isActive": true
            }
        },
        {
            "sku": "C",
            "unitPrice": 20,
            "quantity": 1,
            "unit": "pence",
            "discount": null
        },
        {
            "sku": "D",
            "unitPrice": 15,
            "quantity": 1,
            "unit": "pence",
            "discount": null
        }
    ]
}]
2025-06-17 22:59:30 [http-nio-8080-exec-2] ERROR o.a.c.c.C.[.[.[.[dispatcherServlet] - Servlet.service() for servlet [dispatcherServlet] in context with path [] threw exception [Handler dispatch failed: java.lang.Error: Unresolved compilation problem: 
	Type mismatch: cannot convert from ResponseEntity<capture#1-of ?> to ResponseEntity<CheckoutResponseDto>
] with root cause
java.lang.Error: Unresolved compilation problem: 
	Type mismatch: cannot convert from ResponseEntity<capture#1-of ?> to ResponseEntity<CheckoutResponseDto>

	at com.cdl.kata.controllers.CheckoutController.checkout(CheckoutController.java:31)
	at java.base/jdk.internal.reflect.DirectMethodHandleAccessor.invoke(DirectMethodHandleAccessor.java:103)
	at java.base/java.lang.reflect.Method.invoke(Method.java:580)
	at org.springframework.web.method.support.InvocableHandlerMethod.doInvoke(InvocableHandlerMethod.java:258)
	at org.springframework.web.method.support.InvocableHandlerMethod.invokeForRequest(InvocableHandlerMethod.java:191)
	at org.springframework.web.servlet.mvc.method.annotation.ServletInvocableHandlerMethod.invokeAndHandle(ServletInvocableHandlerMethod.java:118)
	at org.springframework.web.servlet.mvc.method.annotation.RequestMappingHandlerAdapter.invokeHandlerMethod(RequestMappingHandlerAdapter.java:986)
	at org.springframework.web.servlet.mvc.method.annotation.RequestMappingHandlerAdapter.handleInternal(RequestMappingHandlerAdapter.java:891)
	at org.springframework.web.servlet.mvc.method.AbstractHandlerMethodAdapter.handle(AbstractHandlerMethodAdapter.java:87)
	at org.springframework.web.servlet.DispatcherServlet.doDispatch(DispatcherServlet.java:1089)
	at org.springframework.web.servlet.DispatcherServlet.doService(DispatcherServlet.java:979)
	at org.springframework.web.servlet.FrameworkServlet.processRequest(FrameworkServlet.java:1014)
	at org.springframework.web.servlet.FrameworkServlet.doPost(FrameworkServlet.java:914)
	at jakarta.servlet.http.HttpServlet.service(HttpServlet.java:590)
	at org.springframework.web.servlet.FrameworkServlet.service(FrameworkServlet.java:885)
	at jakarta.servlet.http.HttpServlet.service(HttpServlet.java:658)
	at org.apache.catalina.core.ApplicationFilterChain.internalDoFilter(ApplicationFilterChain.java:195)
	at org.apache.catalina.core.ApplicationFilterChain.doFilter(ApplicationFilterChain.java:140)
	at org.apache.tomcat.websocket.server.WsFilter.doFilter(WsFilter.java:51)
	at org.apache.catalina.core.ApplicationFilterChain.internalDoFilter(ApplicationFilterChain.java:164)
	at org.apache.catalina.core.ApplicationFilterChain.doFilter(ApplicationFilterChain.java:140)
	at org.springframework.web.filter.AbstractRequestLoggingFilter.doFilterInternal(AbstractRequestLoggingFilter.java:289)
	at org.springframework.web.filter.OncePerRequestFilter.doFilter(OncePerRequestFilter.java:116)
	at org.apache.catalina.core.ApplicationFilterChain.internalDoFilter(ApplicationFilterChain.java:164)
	at org.apache.catalina.core.ApplicationFilterChain.doFilter(ApplicationFilterChain.java:140)
	at org.springframework.web.filter.RequestContextFilter.doFilterInternal(RequestContextFilter.java:100)
	at org.springframework.web.filter.OncePerRequestFilter.doFilter(OncePerRequestFilter.java:116)
	at org.apache.catalina.core.ApplicationFilterChain.internalDoFilter(ApplicationFilterChain.java:164)
	at org.apache.catalina.core.ApplicationFilterChain.doFilter(ApplicationFilterChain.java:140)
	at org.springframework.web.filter.FormContentFilter.doFilterInternal(FormContentFilter.java:93)
	at org.springframework.web.filter.OncePerRequestFilter.doFilter(OncePerRequestFilter.java:116)
	at org.apache.catalina.core.ApplicationFilterChain.internalDoFilter(ApplicationFilterChain.java:164)
	at org.apache.catalina.core.ApplicationFilterChain.doFilter(ApplicationFilterChain.java:140)
	at org.springframework.web.filter.CharacterEncodingFilter.doFilterInternal(CharacterEncodingFilter.java:201)
	at org.springframework.web.filter.OncePerRequestFilter.doFilter(OncePerRequestFilter.java:116)
	at org.apache.catalina.core.ApplicationFilterChain.internalDoFilter(ApplicationFilterChain.java:164)
	at org.apache.catalina.core.ApplicationFilterChain.doFilter(ApplicationFilterChain.java:140)
	at org.apache.catalina.core.StandardWrapperValve.invoke(StandardWrapperValve.java:167)
	at org.apache.catalina.core.StandardContextValve.invoke(StandardContextValve.java:90)
	at org.apache.catalina.authenticator.AuthenticatorBase.invoke(AuthenticatorBase.java:483)
	at org.apache.catalina.core.StandardHostValve.invoke(StandardHostValve.java:116)
	at org.apache.catalina.valves.ErrorReportValve.invoke(ErrorReportValve.java:93)
	at org.apache.catalina.core.StandardEngineValve.invoke(StandardEngineValve.java:74)
	at org.apache.catalina.connector.CoyoteAdapter.service(CoyoteAdapter.java:344)
	at org.apache.coyote.http11.Http11Processor.service(Http11Processor.java:398)
	at org.apache.coyote.AbstractProcessorLight.process(AbstractProcessorLight.java:63)
	at org.apache.coyote.AbstractProtocol$ConnectionHandler.process(AbstractProtocol.java:903)
	at org.apache.tomcat.util.net.NioEndpoint$SocketProcessor.doRun(NioEndpoint.java:1740)
	at org.apache.tomcat.util.net.SocketProcessorBase.run(SocketProcessorBase.java:52)
	at org.apache.tomcat.util.threads.ThreadPoolExecutor.runWorker(ThreadPoolExecutor.java:1189)
	at org.apache.tomcat.util.threads.ThreadPoolExecutor$Worker.run(ThreadPoolExecutor.java:658)
	at org.apache.tomcat.util.threads.TaskThread$WrappingRunnable.run(TaskThread.java:63)
	at java.base/java.lang.Thread.run(Thread.java:1583)
2025-06-17 23:00:22 [SpringApplicationShutdownHook] INFO  o.s.b.w.e.tomcat.GracefulShutdown - Commencing graceful shutdown. Waiting for active requests to complete
2025-06-17 23:00:22 [tomcat-shutdown] INFO  o.s.b.w.e.tomcat.GracefulShutdown - Graceful shutdown complete
2025-06-17 23:00:27 [main] INFO  com.cdl.kata.KataApplication - Starting KataApplication using Java 21.0.7 with PID 9376 (/Users/taiwofamurewa/Documents/workspace/kata/backend/target/classes started by taiwofamurewa in /Users/taiwofamurewa/Documents/workspace/kata/backend)
2025-06-17 23:00:27 [main] DEBUG com.cdl.kata.KataApplication - Running with Spring Boot v3.5.0, Spring v6.2.7
2025-06-17 23:00:27 [main] INFO  com.cdl.kata.KataApplication - No active profile set, falling back to 1 default profile: "default"
2025-06-17 23:00:28 [main] INFO  o.s.b.w.e.tomcat.TomcatWebServer - Tomcat initialized with port 8080 (http)
2025-06-17 23:00:28 [main] INFO  o.a.catalina.core.StandardService - Starting service [Tomcat]
2025-06-17 23:00:28 [main] INFO  o.a.catalina.core.StandardEngine - Starting Servlet engine: [Apache Tomcat/10.1.41]
2025-06-17 23:00:28 [main] INFO  o.a.c.c.C.[Tomcat].[localhost].[/] - Initializing Spring embedded WebApplicationContext
2025-06-17 23:00:28 [main] INFO  o.s.b.w.s.c.ServletWebServerApplicationContext - Root WebApplicationContext: initialization completed in 575 ms
2025-06-17 23:00:28 [main] DEBUG o.s.w.f.CommonsRequestLoggingFilter - Filter 'requestLoggingFilter' configured for use
2025-06-17 23:00:28 [main] INFO  o.s.b.w.e.tomcat.TomcatWebServer - Tomcat started on port 8080 (http) with context path '/'
2025-06-17 23:00:28 [main] INFO  com.cdl.kata.KataApplication - Started KataApplication in 1.285 seconds (process running for 1.622)
2025-06-17 23:00:37 [http-nio-8080-exec-1] INFO  o.a.c.c.C.[Tomcat].[localhost].[/] - Initializing Spring DispatcherServlet 'dispatcherServlet'
2025-06-17 23:00:37 [http-nio-8080-exec-1] INFO  o.s.web.servlet.DispatcherServlet - Initializing Servlet 'dispatcherServlet'
2025-06-17 23:00:37 [http-nio-8080-exec-1] INFO  o.s.web.servlet.DispatcherServlet - Completed initialization in 2 ms
2025-06-17 23:00:37 [http-nio-8080-exec-1] DEBUG o.s.w.f.CommonsRequestLoggingFilter - Before request [POST /api/checkout, headers=[user-agent:"PostmanRuntime/7.43.4", accept:"*/*", postman-token:"54b1747f-128b-4f95-8b0d-d161cbaf1480", host:"localhost:8080", accept-encoding:"gzip, deflate, br", connection:"keep-alive", content-length:"1258", Content-Type:"application/json;charset=UTF-8"]]
2025-06-17 23:00:37 [http-nio-8080-exec-1] DEBUG c.cdl.kata.services.CheckoutService - Items: [A, B, C, A, D, A], Pricing Rules: [com.cdl.kata.dto.PricingRuleDto@5d93c6a6, com.cdl.kata.dto.PricingRuleDto@5fcfeb72, com.cdl.kata.dto.PricingRuleDto@55bafbc, com.cdl.kata.dto.PricingRuleDto@1415b27b]
2025-06-17 23:00:37 [http-nio-8080-exec-1] DEBUG c.cdl.kata.services.CheckoutService - Item map: {A=3, B=1, C=1, D=1}
2025-06-17 23:00:37 [http-nio-8080-exec-1] DEBUG o.s.w.f.CommonsRequestLoggingFilter - REQUEST DATA: POST /api/checkout, headers=[user-agent:"PostmanRuntime/7.43.4", accept:"*/*", postman-token:"54b1747f-128b-4f95-8b0d-d161cbaf1480", host:"localhost:8080", accept-encoding:"gzip, deflate, br", connection:"keep-alive", content-length:"1258", Content-Type:"application/json;charset=UTF-8"], payload={
    "items": ["A", "B", "C", "A", "D", "A"],
    "pricingRules": [
        {
            "sku": "A",
            "unitPrice": 50,
            "quantity": 5,
            "unit": "pence",
            "discount": {
                "quantity": 3,
                "price": 150,
                "validFrom": "2025-05-01",
                "validTo": "2027-12-31",
                "type": "GROUP_DISCOUNT",
                "description": "2 for 45",
                "isActive": true
            }
        },
        {
            "sku": "B",
            "unitPrice": 30,
            "quantity": 2,
            "unit": "pence",
            "discount": {
                "quantity": 2,
                "price": 45,
                "validFrom": "2025-01-01",
                "validTo": "2026-12-31",
                "type": "GROUP_DISCOUNT",
                "description": "2 for 45",
                "isActive": true
            }
        },
        {
            "sku": "C",
            "unitPrice": 20,
            "quantity": 1,
            "unit": "pence",
            "discount": null
        },
        {
            "sku": "D",
            "unitPrice": 15,
            "quantity": 1,
            "unit": "pence",
            "discount": null
        }
    ]
}]
2025-06-17 23:52:34 [SpringApplicationShutdownHook] INFO  o.s.b.w.e.tomcat.GracefulShutdown - Commencing graceful shutdown. Waiting for active requests to complete
2025-06-17 23:52:34 [tomcat-shutdown] INFO  o.s.b.w.e.tomcat.GracefulShutdown - Graceful shutdown complete
2025-06-17 23:52:43 [main] INFO  com.cdl.kata.KataApplication - Starting KataApplication using Java 21.0.7 with PID 54799 (/Users/taiwofamurewa/Documents/workspace/kata/backend/target/classes started by taiwofamurewa in /Users/taiwofamurewa/Documents/workspace/kata/backend)
2025-06-17 23:52:43 [main] DEBUG com.cdl.kata.KataApplication - Running with Spring Boot v3.5.0, Spring v6.2.7
2025-06-17 23:52:43 [main] INFO  com.cdl.kata.KataApplication - No active profile set, falling back to 1 default profile: "default"
2025-06-17 23:52:44 [main] INFO  o.s.b.w.e.tomcat.TomcatWebServer - Tomcat initialized with port 8080 (http)
2025-06-17 23:52:44 [main] INFO  o.a.catalina.core.StandardService - Starting service [Tomcat]
2025-06-17 23:52:44 [main] INFO  o.a.catalina.core.StandardEngine - Starting Servlet engine: [Apache Tomcat/10.1.41]
2025-06-17 23:52:44 [main] INFO  o.a.c.c.C.[Tomcat].[localhost].[/] - Initializing Spring embedded WebApplicationContext
2025-06-17 23:52:44 [main] INFO  o.s.b.w.s.c.ServletWebServerApplicationContext - Root WebApplicationContext: initialization completed in 761 ms
2025-06-17 23:52:44 [main] DEBUG o.s.w.f.CommonsRequestLoggingFilter - Filter 'requestLoggingFilter' configured for use
2025-06-17 23:52:44 [main] INFO  o.s.b.w.e.tomcat.TomcatWebServer - Tomcat started on port 8080 (http) with context path '/'
2025-06-17 23:52:44 [main] INFO  com.cdl.kata.KataApplication - Started KataApplication in 1.627 seconds (process running for 2.023)
2025-06-17 23:52:59 [http-nio-8080-exec-3] INFO  o.a.c.c.C.[Tomcat].[localhost].[/] - Initializing Spring DispatcherServlet 'dispatcherServlet'
2025-06-17 23:52:59 [http-nio-8080-exec-3] INFO  o.s.web.servlet.DispatcherServlet - Initializing Servlet 'dispatcherServlet'
2025-06-17 23:52:59 [http-nio-8080-exec-3] INFO  o.s.web.servlet.DispatcherServlet - Completed initialization in 1 ms
2025-06-17 23:52:59 [http-nio-8080-exec-3] DEBUG o.s.w.f.CommonsRequestLoggingFilter - Before request [POST /api/checkout, headers=[user-agent:"PostmanRuntime/7.43.4", accept:"*/*", postman-token:"8b501d04-b90f-4aff-b2c3-53a48e5c7898", host:"localhost:8080", accept-encoding:"gzip, deflate, br", connection:"keep-alive", content-length:"1258", Content-Type:"application/json;charset=UTF-8"]]
2025-06-17 23:53:00 [http-nio-8080-exec-3] DEBUG o.s.w.f.CommonsRequestLoggingFilter - REQUEST DATA: POST /api/checkout, headers=[user-agent:"PostmanRuntime/7.43.4", accept:"*/*", postman-token:"8b501d04-b90f-4aff-b2c3-53a48e5c7898", host:"localhost:8080", accept-encoding:"gzip, deflate, br", connection:"keep-alive", content-length:"1258", Content-Type:"application/json;charset=UTF-8"], payload={
    "items": ["A", "B", "C", "A", "D", "A"],
    "pricingRules": [
        {
            "sku": "A",
            "unitPrice": 50,
            "quantity": 5,
            "unit": "pence",
            "discount": {
                "quantity": 3,
                "price": 150,
                "validFrom": "2025-05-01",
                "validTo": "2027-12-31",
                "type": "GROUP_DISCOUNT",
                "description": "2 for 45",
                "isActive": true
            }
        },
        {
            "sku": "B",
            "unitPrice": 30,
            "quantity": 2,
            "unit": "pence",
            "discount": {
                "quantity": 2,
                "price": 45,
                "validFrom": "2025-01-01",
                "validTo": "2026-12-31",
                "type": "GROUP_DISCOUNT",
                "description": "2 for 45",
                "isActive": true
            }
        },
        {
            "sku": "C",
            "unitPrice": 20,
            "quantity": 1,
            "unit": "pence",
            "discount": null
        },
        {
            "sku": "D",
            "unitPrice": 15,
            "quantity": 1,
            "unit": "pence",
            "discount": null
        }
    ]
}]
2025-06-17 23:53:00 [http-nio-8080-exec-3] ERROR o.a.c.c.C.[.[.[.[dispatcherServlet] - Servlet.service() for servlet [dispatcherServlet] in context with path [] threw exception [Handler dispatch failed: java.lang.Error: Unresolved compilation problem: 
	Syntax error, insert ";" to complete Statement
] with root cause
java.lang.Error: Unresolved compilation problem: 
	Syntax error, insert ";" to complete Statement

	at com.cdl.kata.services.CheckoutService.calculateTotal(CheckoutService.java:86)
	at com.cdl.kata.controllers.CheckoutController.checkout(CheckoutController.java:31)
	at java.base/jdk.internal.reflect.DirectMethodHandleAccessor.invoke(DirectMethodHandleAccessor.java:103)
	at java.base/java.lang.reflect.Method.invoke(Method.java:580)
	at org.springframework.web.method.support.InvocableHandlerMethod.doInvoke(InvocableHandlerMethod.java:258)
	at org.springframework.web.method.support.InvocableHandlerMethod.invokeForRequest(InvocableHandlerMethod.java:191)
	at org.springframework.web.servlet.mvc.method.annotation.ServletInvocableHandlerMethod.invokeAndHandle(ServletInvocableHandlerMethod.java:118)
	at org.springframework.web.servlet.mvc.method.annotation.RequestMappingHandlerAdapter.invokeHandlerMethod(RequestMappingHandlerAdapter.java:986)
	at org.springframework.web.servlet.mvc.method.annotation.RequestMappingHandlerAdapter.handleInternal(RequestMappingHandlerAdapter.java:891)
	at org.springframework.web.servlet.mvc.method.AbstractHandlerMethodAdapter.handle(AbstractHandlerMethodAdapter.java:87)
	at org.springframework.web.servlet.DispatcherServlet.doDispatch(DispatcherServlet.java:1089)
	at org.springframework.web.servlet.DispatcherServlet.doService(DispatcherServlet.java:979)
	at org.springframework.web.servlet.FrameworkServlet.processRequest(FrameworkServlet.java:1014)
	at org.springframework.web.servlet.FrameworkServlet.doPost(FrameworkServlet.java:914)
	at jakarta.servlet.http.HttpServlet.service(HttpServlet.java:590)
	at org.springframework.web.servlet.FrameworkServlet.service(FrameworkServlet.java:885)
	at jakarta.servlet.http.HttpServlet.service(HttpServlet.java:658)
	at org.apache.catalina.core.ApplicationFilterChain.internalDoFilter(ApplicationFilterChain.java:195)
	at org.apache.catalina.core.ApplicationFilterChain.doFilter(ApplicationFilterChain.java:140)
	at org.apache.tomcat.websocket.server.WsFilter.doFilter(WsFilter.java:51)
	at org.apache.catalina.core.ApplicationFilterChain.internalDoFilter(ApplicationFilterChain.java:164)
	at org.apache.catalina.core.ApplicationFilterChain.doFilter(ApplicationFilterChain.java:140)
	at org.springframework.web.filter.AbstractRequestLoggingFilter.doFilterInternal(AbstractRequestLoggingFilter.java:289)
	at org.springframework.web.filter.OncePerRequestFilter.doFilter(OncePerRequestFilter.java:116)
	at org.apache.catalina.core.ApplicationFilterChain.internalDoFilter(ApplicationFilterChain.java:164)
	at org.apache.catalina.core.ApplicationFilterChain.doFilter(ApplicationFilterChain.java:140)
	at org.springframework.web.filter.RequestContextFilter.doFilterInternal(RequestContextFilter.java:100)
	at org.springframework.web.filter.OncePerRequestFilter.doFilter(OncePerRequestFilter.java:116)
	at org.apache.catalina.core.ApplicationFilterChain.internalDoFilter(ApplicationFilterChain.java:164)
	at org.apache.catalina.core.ApplicationFilterChain.doFilter(ApplicationFilterChain.java:140)
	at org.springframework.web.filter.FormContentFilter.doFilterInternal(FormContentFilter.java:93)
	at org.springframework.web.filter.OncePerRequestFilter.doFilter(OncePerRequestFilter.java:116)
	at org.apache.catalina.core.ApplicationFilterChain.internalDoFilter(ApplicationFilterChain.java:164)
	at org.apache.catalina.core.ApplicationFilterChain.doFilter(ApplicationFilterChain.java:140)
	at org.springframework.web.filter.CharacterEncodingFilter.doFilterInternal(CharacterEncodingFilter.java:201)
	at org.springframework.web.filter.OncePerRequestFilter.doFilter(OncePerRequestFilter.java:116)
	at org.apache.catalina.core.ApplicationFilterChain.internalDoFilter(ApplicationFilterChain.java:164)
	at org.apache.catalina.core.ApplicationFilterChain.doFilter(ApplicationFilterChain.java:140)
	at org.apache.catalina.core.StandardWrapperValve.invoke(StandardWrapperValve.java:167)
	at org.apache.catalina.core.StandardContextValve.invoke(StandardContextValve.java:90)
	at org.apache.catalina.authenticator.AuthenticatorBase.invoke(AuthenticatorBase.java:483)
	at org.apache.catalina.core.StandardHostValve.invoke(StandardHostValve.java:116)
	at org.apache.catalina.valves.ErrorReportValve.invoke(ErrorReportValve.java:93)
	at org.apache.catalina.core.StandardEngineValve.invoke(StandardEngineValve.java:74)
	at org.apache.catalina.connector.CoyoteAdapter.service(CoyoteAdapter.java:344)
	at org.apache.coyote.http11.Http11Processor.service(Http11Processor.java:398)
	at org.apache.coyote.AbstractProcessorLight.process(AbstractProcessorLight.java:63)
	at org.apache.coyote.AbstractProtocol$ConnectionHandler.process(AbstractProtocol.java:903)
	at org.apache.tomcat.util.net.NioEndpoint$SocketProcessor.doRun(NioEndpoint.java:1740)
	at org.apache.tomcat.util.net.SocketProcessorBase.run(SocketProcessorBase.java:52)
	at org.apache.tomcat.util.threads.ThreadPoolExecutor.runWorker(ThreadPoolExecutor.java:1189)
	at org.apache.tomcat.util.threads.ThreadPoolExecutor$Worker.run(ThreadPoolExecutor.java:658)
	at org.apache.tomcat.util.threads.TaskThread$WrappingRunnable.run(TaskThread.java:63)
	at java.base/java.lang.Thread.run(Thread.java:1583)
